2023-11-08T19:56:57.212745+0500 INFO redis is working...
2023-11-08T19:56:57.212745+0500 INFO redis is working...
2023-11-08T19:56:57.212745+0500 INFO redis is working...
2023-11-09T18:06:09.371979+0500 INFO redis is working...
2023-11-09T18:06:09.371979+0500 INFO redis is working...
2023-11-09T18:06:09.371979+0500 INFO redis is working...
2023-11-09T18:06:12.155312+0500 INFO main page
2023-11-09T18:06:12.155312+0500 INFO main page
2023-11-09T18:06:12.155312+0500 INFO main page
2023-11-10T15:06:36.430104+0500 INFO redis is working...
2023-11-10T15:06:36.430104+0500 INFO redis is working...
2023-11-10T15:06:36.430104+0500 INFO redis is working...
2023-11-10T15:06:38.904787+0500 INFO main page
2023-11-10T15:06:38.904787+0500 INFO main page
2023-11-10T15:06:38.904787+0500 INFO main page
2023-11-10T15:06:52.178763+0500 INFO main page
2023-11-10T15:06:52.178763+0500 INFO main page
2023-11-10T15:06:52.178763+0500 INFO main page
2023-11-17T18:13:05.752983+0500 INFO redis is working...
2023-11-17T18:13:05.752983+0500 INFO redis is working...
2023-11-17T18:13:05.752983+0500 INFO redis is working...
2023-11-17T18:13:07.801989+0500 INFO main page
2023-11-17T18:13:07.801989+0500 INFO main page
2023-11-17T18:13:07.801989+0500 INFO main page
2023-11-17T19:01:29.622981+0500 INFO redis is working...
2023-11-17T19:01:29.622981+0500 INFO redis is working...
2023-11-17T19:01:29.622981+0500 INFO redis is working...
2023-11-17T19:01:31.009989+0500 INFO main page
2023-11-17T19:01:31.009989+0500 INFO main page
2023-11-17T19:01:31.009989+0500 INFO main page
2023-11-17T19:01:34.183989+0500 INFO main page
2023-11-17T19:01:34.183989+0500 INFO main page
2023-11-17T19:01:34.183989+0500 INFO main page
2023-11-17T19:01:35.712988+0500 INFO main page
2023-11-17T19:01:35.712988+0500 INFO main page
2023-11-17T19:01:35.712988+0500 INFO main page
2023-11-17T19:01:37.958990+0500 INFO main page
2023-11-17T19:01:37.958990+0500 INFO main page
2023-11-17T19:01:37.958990+0500 INFO main page
2023-11-17T19:04:27.978981+0500 INFO redis is working...
2023-11-17T19:04:27.978981+0500 INFO redis is working...
2023-11-17T19:04:27.978981+0500 INFO redis is working...
2023-11-17T19:04:29.499989+0500 INFO main page
2023-11-17T19:04:29.499989+0500 INFO main page
2023-11-17T19:04:29.499989+0500 INFO main page
2023-11-17T19:04:55.962984+0500 INFO main page
2023-11-17T19:04:55.962984+0500 INFO main page
2023-11-17T19:04:55.962984+0500 INFO main page
2023-11-17T19:05:09.684990+0500 INFO main page
2023-11-17T19:05:09.684990+0500 INFO main page
2023-11-17T19:05:09.684990+0500 INFO main page
2023-11-17T19:05:55.634990+0500 INFO main page
2023-11-17T19:05:55.634990+0500 INFO main page
2023-11-17T19:05:55.634990+0500 INFO main page
2023-11-17T19:06:10.748990+0500 INFO main page
2023-11-17T19:06:10.748990+0500 INFO main page
2023-11-17T19:06:10.748990+0500 INFO main page
2023-11-17T19:07:17.477989+0500 INFO main page
2023-11-17T19:07:17.477989+0500 INFO main page
2023-11-17T19:07:17.477989+0500 INFO main page
2023-11-17T19:07:27.812990+0500 INFO main page
2023-11-17T19:07:27.812990+0500 INFO main page
2023-11-17T19:07:27.812990+0500 INFO main page
2023-11-17T19:21:31.802993+0500 INFO main page
2023-11-17T19:21:31.802993+0500 INFO main page
2023-11-17T19:21:31.802993+0500 INFO main page
2023-11-17T19:21:49.453990+0500 INFO main page
2023-11-17T19:21:49.453990+0500 INFO main page
2023-11-17T19:21:49.453990+0500 INFO main page
2023-11-18T10:29:54.042201+0500 INFO redis is working...
2023-11-18T10:29:54.042201+0500 INFO redis is working...
2023-11-18T10:29:54.042201+0500 INFO redis is working...
2023-11-18T10:29:58.810104+0500 INFO main page
2023-11-18T10:29:58.810104+0500 INFO main page
2023-11-18T10:29:58.810104+0500 INFO main page
2023-11-18T10:30:13.149270+0500 INFO redis is working...
2023-11-18T10:30:13.149270+0500 INFO redis is working...
2023-11-18T10:30:13.149270+0500 INFO redis is working...
2023-11-18T10:30:14.412342+0500 INFO main page
2023-11-18T10:30:14.412342+0500 INFO main page
2023-11-18T10:30:14.412342+0500 INFO main page
2023-11-18T10:31:21.580594+0500 INFO redis is working...
2023-11-18T10:31:21.580594+0500 INFO redis is working...
2023-11-18T10:31:21.580594+0500 INFO redis is working...
2023-11-18T10:31:23.131682+0500 INFO main page
2023-11-18T10:31:23.131682+0500 INFO main page
2023-11-18T10:31:23.131682+0500 INFO main page
2023-11-18T10:32:47.364737+0500 INFO message sended
2023-11-18T10:32:47.364737+0500 INFO message sended
2023-11-18T10:32:47.364737+0500 INFO message sended
2023-11-18T10:32:49.644650+0500 INFO message sended
2023-11-18T10:32:49.644650+0500 INFO message sended
2023-11-18T10:32:49.644650+0500 INFO message sended
2023-11-18T10:35:46.757101+0500 INFO redis is working...
2023-11-18T10:35:46.757101+0500 INFO redis is working...
2023-11-18T10:35:46.757101+0500 INFO redis is working...
2023-11-18T10:35:48.505026+0500 INFO main page
2023-11-18T10:35:48.505026+0500 INFO main page
2023-11-18T10:35:48.505026+0500 INFO main page
2023-11-18T10:36:02.639236+0500 INFO message sended
2023-11-18T10:36:02.639236+0500 INFO message sended
2023-11-18T10:36:02.639236+0500 INFO message sended
2023-11-18T10:36:15.747824+0500 INFO main page
2023-11-18T10:36:15.747824+0500 INFO main page
2023-11-18T10:36:15.747824+0500 INFO main page
2023-11-18T10:36:24.341982+0500 INFO unprotected-route
2023-11-18T10:36:24.341982+0500 INFO unprotected-route
2023-11-18T10:36:24.341982+0500 INFO unprotected-route
2023-11-18T10:57:42.643870+0500 INFO redis is working...
2023-11-18T10:57:42.643870+0500 INFO redis is working...
2023-11-18T10:57:42.643870+0500 INFO redis is working...
2023-11-18T10:58:03.714084+0500 INFO main page
2023-11-18T10:58:03.714084+0500 INFO main page
2023-11-18T10:58:03.714084+0500 INFO main page
2023-11-18T10:59:08.870624+0500 INFO redis is working...
2023-11-18T10:59:08.870624+0500 INFO redis is working...
2023-11-18T10:59:08.870624+0500 INFO redis is working...
2023-11-18T10:59:10.329339+0500 INFO main page
2023-11-18T10:59:10.329339+0500 INFO main page
2023-11-18T10:59:10.329339+0500 INFO main page
2023-11-18T11:01:55.896198+0500 INFO redis is working...
2023-11-18T11:01:55.896198+0500 INFO redis is working...
2023-11-18T11:01:55.896198+0500 INFO redis is working...
2023-11-18T11:01:58.074301+0500 INFO main page
2023-11-18T11:01:58.074301+0500 INFO main page
2023-11-18T11:01:58.074301+0500 INFO main page
2023-11-18T11:02:56.325357+0500 INFO redis is working...
2023-11-18T11:02:56.325357+0500 INFO redis is working...
2023-11-18T11:02:56.325357+0500 INFO redis is working...
2023-11-18T11:02:57.991452+0500 INFO main page
2023-11-18T11:02:57.991452+0500 INFO main page
2023-11-18T11:02:57.991452+0500 INFO main page
2023-11-18T11:03:23.823569+0500 INFO redis is working...
2023-11-18T11:03:23.823569+0500 INFO redis is working...
2023-11-18T11:03:23.823569+0500 INFO redis is working...
2023-11-18T11:03:25.168946+0500 INFO main page
2023-11-18T11:03:25.168946+0500 INFO main page
2023-11-18T11:03:25.168946+0500 INFO main page
2023-11-18T11:05:27.675141+0500 INFO redis is working...
2023-11-18T11:05:27.675141+0500 INFO redis is working...
2023-11-18T11:05:27.675141+0500 INFO redis is working...
2023-11-18T11:05:37.545476+0500 INFO main page
2023-11-18T11:05:37.545476+0500 INFO main page
2023-11-18T11:05:37.545476+0500 INFO main page
2023-11-18T11:09:50.356642+0500 INFO redis is working...
2023-11-18T11:09:50.356642+0500 INFO redis is working...
2023-11-18T11:09:50.356642+0500 INFO redis is working...
2023-11-18T11:10:08.859117+0500 INFO redis is working...
2023-11-18T11:10:08.859117+0500 INFO redis is working...
2023-11-18T11:10:08.859117+0500 INFO redis is working...
2023-11-18T11:10:10.139012+0500 INFO main page
2023-11-18T11:10:10.139012+0500 INFO main page
2023-11-18T11:10:10.139012+0500 INFO main page
2023-11-18T11:10:52.785932+0500 INFO redis is working...
2023-11-18T11:10:52.785932+0500 INFO redis is working...
2023-11-18T11:10:52.785932+0500 INFO redis is working...
2023-11-18T11:10:53.975762+0500 INFO main page
2023-11-18T11:10:53.975762+0500 INFO main page
2023-11-18T11:10:53.975762+0500 INFO main page
2023-11-18T11:12:09.645450+0500 INFO redis is working...
2023-11-18T11:12:09.645450+0500 INFO redis is working...
2023-11-18T11:12:09.645450+0500 INFO redis is working...
2023-11-18T11:12:11.262552+0500 INFO main page
2023-11-18T11:12:11.262552+0500 INFO main page
2023-11-18T11:12:11.262552+0500 INFO main page
2023-11-18T11:12:17.636362+0500 INFO main page
2023-11-18T11:12:17.636362+0500 INFO main page
2023-11-18T11:12:17.636362+0500 INFO main page
2023-11-18T11:12:58.317513+0500 INFO main page
2023-11-18T11:12:58.317513+0500 INFO main page
2023-11-18T11:12:58.317513+0500 INFO main page
2023-11-18T18:06:54.021323+0500 INFO redis is working...
2023-11-18T18:06:54.021323+0500 INFO redis is working...
2023-11-18T18:06:54.021323+0500 INFO redis is working...
2023-11-18T18:06:56.218320+0500 INFO main page
2023-11-18T18:06:56.218320+0500 INFO main page
2023-11-18T18:06:56.218320+0500 INFO main page
2023-11-18T18:07:37.448311+0500 INFO redis is working...
2023-11-18T18:07:37.448311+0500 INFO redis is working...
2023-11-18T18:07:37.448311+0500 INFO redis is working...
2023-11-18T18:07:38.923322+0500 INFO main page
2023-11-18T18:07:38.923322+0500 INFO main page
2023-11-18T18:07:38.923322+0500 INFO main page
2023-11-18T18:07:49.967317+0500 INFO redis is working...
2023-11-18T18:07:49.967317+0500 INFO redis is working...
2023-11-18T18:07:49.967317+0500 INFO redis is working...
2023-11-18T18:07:51.202317+0500 INFO main page
2023-11-18T18:07:51.202317+0500 INFO main page
2023-11-18T18:07:51.202317+0500 INFO main page
2023-11-18T18:10:12.432317+0500 INFO redis is working...
2023-11-18T18:10:12.432317+0500 INFO redis is working...
2023-11-18T18:10:12.432317+0500 INFO redis is working...
2023-11-18T18:10:13.784323+0500 INFO main page
2023-11-18T18:10:13.784323+0500 INFO main page
2023-11-18T18:10:13.784323+0500 INFO main page
2023-11-18T18:10:57.845317+0500 INFO redis is working...
2023-11-18T18:10:57.845317+0500 INFO redis is working...
2023-11-18T18:10:57.845317+0500 INFO redis is working...
2023-11-18T18:10:59.154323+0500 INFO main page
2023-11-18T18:10:59.154323+0500 INFO main page
2023-11-18T18:10:59.154323+0500 INFO main page
2023-11-18T18:12:26.306310+0500 INFO redis is working...
2023-11-18T18:12:26.306310+0500 INFO redis is working...
2023-11-18T18:12:26.306310+0500 INFO redis is working...
2023-11-18T18:12:27.641324+0500 INFO main page
2023-11-18T18:12:27.641324+0500 INFO main page
2023-11-18T18:12:27.641324+0500 INFO main page
2023-11-18T18:13:01.083317+0500 INFO redis is working...
2023-11-18T18:13:01.083317+0500 INFO redis is working...
2023-11-18T18:13:01.083317+0500 INFO redis is working...
2023-11-18T18:13:02.805323+0500 INFO main page
2023-11-18T18:13:02.805323+0500 INFO main page
2023-11-18T18:13:02.805323+0500 INFO main page
2023-11-18T18:15:16.174507+0500 INFO redis is working...
2023-11-18T18:15:16.174507+0500 INFO redis is working...
2023-11-18T18:15:16.174507+0500 INFO redis is working...
2023-11-18T18:15:17.501024+0500 INFO main page
2023-11-18T18:15:17.501024+0500 INFO main page
2023-11-18T18:15:17.501024+0500 INFO main page
2023-11-18T18:15:35.246185+0500 INFO redis is working...
2023-11-18T18:15:35.246185+0500 INFO redis is working...
2023-11-18T18:15:35.246185+0500 INFO redis is working...
2023-11-18T18:15:36.339595+0500 INFO main page
2023-11-18T18:15:36.339595+0500 INFO main page
2023-11-18T18:15:36.339595+0500 INFO main page
2023-11-18T18:16:12.835770+0500 INFO redis is working...
2023-11-18T18:16:12.835770+0500 INFO redis is working...
2023-11-18T18:16:12.835770+0500 INFO redis is working...
2023-11-18T18:16:14.187382+0500 INFO main page
2023-11-18T18:16:14.187382+0500 INFO main page
2023-11-18T18:16:14.187382+0500 INFO main page
2023-11-18T18:19:05.291351+0500 INFO redis is working...
2023-11-18T18:19:05.291351+0500 INFO redis is working...
2023-11-18T18:19:05.291351+0500 INFO redis is working...
2023-11-18T18:19:06.555441+0500 INFO main page
2023-11-18T18:19:06.555441+0500 INFO main page
2023-11-18T18:19:06.555441+0500 INFO main page
2023-11-18T18:23:40.889604+0500 INFO redis is working...
2023-11-18T18:23:40.889604+0500 INFO redis is working...
2023-11-18T18:23:40.889604+0500 INFO redis is working...
2023-11-18T18:23:42.231110+0500 INFO main page
2023-11-18T18:23:42.231110+0500 INFO main page
2023-11-18T18:23:42.231110+0500 INFO main page
2023-11-18T18:27:32.758562+0500 INFO redis is working...
2023-11-18T18:27:32.758562+0500 INFO redis is working...
2023-11-18T18:27:32.758562+0500 INFO redis is working...
2023-11-18T18:27:33.962897+0500 INFO main page
2023-11-18T18:27:33.962897+0500 INFO main page
2023-11-18T18:27:33.962897+0500 INFO main page
2023-11-18T18:28:08.120166+0500 INFO redis is working...
2023-11-18T18:28:08.120166+0500 INFO redis is working...
2023-11-18T18:28:08.120166+0500 INFO redis is working...
2023-11-18T18:28:09.313096+0500 INFO main page
2023-11-18T18:28:09.313096+0500 INFO main page
2023-11-18T18:28:09.313096+0500 INFO main page
2023-11-18T18:28:38.146550+0500 INFO redis is working...
2023-11-18T18:28:38.146550+0500 INFO redis is working...
2023-11-18T18:28:38.146550+0500 INFO redis is working...
2023-11-18T18:28:39.184737+0500 INFO main page
2023-11-18T18:28:39.184737+0500 INFO main page
2023-11-18T18:28:39.184737+0500 INFO main page
2023-11-18T18:29:42.708336+0500 INFO redis is working...
2023-11-18T18:29:42.708336+0500 INFO redis is working...
2023-11-18T18:29:42.708336+0500 INFO redis is working...
2023-11-18T18:29:43.972423+0500 INFO main page
2023-11-18T18:29:43.972423+0500 INFO main page
2023-11-18T18:29:43.972423+0500 INFO main page
2023-11-18T18:29:53.548250+0500 INFO redis is working...
2023-11-18T18:29:53.548250+0500 INFO redis is working...
2023-11-18T18:29:53.548250+0500 INFO redis is working...
2023-11-18T18:29:54.918325+0500 INFO main page
2023-11-18T18:29:54.918325+0500 INFO main page
2023-11-18T18:29:54.918325+0500 INFO main page
2023-11-18T18:30:07.706240+0500 INFO redis is working...
2023-11-18T18:30:07.706240+0500 INFO redis is working...
2023-11-18T18:30:07.706240+0500 INFO redis is working...
2023-11-18T18:30:08.981947+0500 INFO main page
2023-11-18T18:30:08.981947+0500 INFO main page
2023-11-18T18:30:08.981947+0500 INFO main page
2023-11-18T18:30:42.248547+0500 INFO redis is working...
2023-11-18T18:30:42.248547+0500 INFO redis is working...
2023-11-18T18:30:42.248547+0500 INFO redis is working...
2023-11-18T18:30:43.356897+0500 INFO main page
2023-11-18T18:30:43.356897+0500 INFO main page
2023-11-18T18:30:43.356897+0500 INFO main page
2023-11-18T18:31:17.731232+0500 INFO redis is working...
2023-11-18T18:31:17.731232+0500 INFO redis is working...
2023-11-18T18:31:17.731232+0500 INFO redis is working...
2023-11-18T18:31:18.838401+0500 INFO main page
2023-11-18T18:31:18.838401+0500 INFO main page
2023-11-18T18:31:18.838401+0500 INFO main page
2023-11-18T18:31:36.824596+0500 INFO redis is working...
2023-11-18T18:31:36.824596+0500 INFO redis is working...
2023-11-18T18:31:36.824596+0500 INFO redis is working...
2023-11-18T18:31:37.971211+0500 INFO main page
2023-11-18T18:31:37.971211+0500 INFO main page
2023-11-18T18:31:37.971211+0500 INFO main page
2023-11-18T18:32:09.713698+0500 INFO redis is working...
2023-11-18T18:32:09.713698+0500 INFO redis is working...
2023-11-18T18:32:09.713698+0500 INFO redis is working...
2023-11-18T18:32:10.908698+0500 INFO main page
2023-11-18T18:32:10.908698+0500 INFO main page
2023-11-18T18:32:10.908698+0500 INFO main page
2023-11-18T18:32:47.923359+0500 INFO redis is working...
2023-11-18T18:32:47.923359+0500 INFO redis is working...
2023-11-18T18:32:47.923359+0500 INFO redis is working...
2023-11-18T18:33:43.740307+0500 INFO redis is working...
2023-11-18T18:33:43.740307+0500 INFO redis is working...
2023-11-18T18:33:43.740307+0500 INFO redis is working...
2023-11-18T18:33:45.097470+0500 INFO main page
2023-11-18T18:33:45.097470+0500 INFO main page
2023-11-18T18:33:45.097470+0500 INFO main page
2023-11-18T18:33:53.374805+0500 INFO redis is working...
2023-11-18T18:33:53.374805+0500 INFO redis is working...
2023-11-18T18:33:53.374805+0500 INFO redis is working...
2023-11-18T18:33:54.314269+0500 INFO main page
2023-11-18T18:33:54.314269+0500 INFO main page
2023-11-18T18:33:54.314269+0500 INFO main page
2023-11-18T18:35:27.703063+0500 INFO redis is working...
2023-11-18T18:35:27.703063+0500 INFO redis is working...
2023-11-18T18:35:27.703063+0500 INFO redis is working...
2023-11-18T18:35:28.828396+0500 INFO main page
2023-11-18T18:35:28.828396+0500 INFO main page
2023-11-18T18:35:28.828396+0500 INFO main page
2023-11-18T18:36:02.480296+0500 INFO redis is working...
2023-11-18T18:36:02.480296+0500 INFO redis is working...
2023-11-18T18:36:02.480296+0500 INFO redis is working...
2023-11-18T18:36:03.813908+0500 INFO main page
2023-11-18T18:36:03.813908+0500 INFO main page
2023-11-18T18:36:03.813908+0500 INFO main page
2023-11-18T18:38:33.910965+0500 INFO redis is working...
2023-11-18T18:38:33.910965+0500 INFO redis is working...
2023-11-18T18:38:33.910965+0500 INFO redis is working...
2023-11-18T18:38:35.008692+0500 INFO main page
2023-11-18T18:38:35.008692+0500 INFO main page
2023-11-18T18:38:35.008692+0500 INFO main page
2023-11-18T18:40:34.639265+0500 INFO redis is working...
2023-11-18T18:40:34.639265+0500 INFO redis is working...
2023-11-18T18:40:34.639265+0500 INFO redis is working...
2023-11-18T18:40:35.770752+0500 INFO main page
2023-11-18T18:40:35.770752+0500 INFO main page
2023-11-18T18:40:35.770752+0500 INFO main page
2023-11-18T18:40:48.691464+0500 INFO redis is working...
2023-11-18T18:40:48.691464+0500 INFO redis is working...
2023-11-18T18:40:48.691464+0500 INFO redis is working...
2023-11-18T18:40:49.919085+0500 INFO main page
2023-11-18T18:40:49.919085+0500 INFO main page
2023-11-18T18:40:49.919085+0500 INFO main page
2023-11-18T18:41:57.781605+0500 INFO redis is working...
2023-11-18T18:41:57.781605+0500 INFO redis is working...
2023-11-18T18:41:57.781605+0500 INFO redis is working...
2023-11-18T18:41:58.851314+0500 INFO main page
2023-11-18T18:41:58.851314+0500 INFO main page
2023-11-18T18:41:58.851314+0500 INFO main page
2023-11-18T18:42:09.930810+0500 INFO redis is working...
2023-11-18T18:42:09.930810+0500 INFO redis is working...
2023-11-18T18:42:09.930810+0500 INFO redis is working...
2023-11-18T18:42:11.146490+0500 INFO main page
2023-11-18T18:42:11.146490+0500 INFO main page
2023-11-18T18:42:11.146490+0500 INFO main page
2023-11-18T18:42:40.233974+0500 INFO redis is working...
2023-11-18T18:42:40.233974+0500 INFO redis is working...
2023-11-18T18:42:40.233974+0500 INFO redis is working...
2023-11-18T18:42:41.367412+0500 INFO main page
2023-11-18T18:42:41.367412+0500 INFO main page
2023-11-18T18:42:41.367412+0500 INFO main page
2023-11-18T18:44:32.966316+0500 INFO redis is working...
2023-11-18T18:44:32.966316+0500 INFO redis is working...
2023-11-18T18:44:32.966316+0500 INFO redis is working...
2023-11-18T18:44:33.988849+0500 INFO main page
2023-11-18T18:44:33.988849+0500 INFO main page
2023-11-18T18:44:33.988849+0500 INFO main page
2023-11-18T18:44:54.279323+0500 INFO redis is working...
2023-11-18T18:44:54.279323+0500 INFO redis is working...
2023-11-18T18:44:54.279323+0500 INFO redis is working...
2023-11-18T18:44:55.297552+0500 INFO main page
2023-11-18T18:44:55.297552+0500 INFO main page
2023-11-18T18:44:55.297552+0500 INFO main page
2023-11-18T18:45:24.638402+0500 INFO redis is working...
2023-11-18T18:45:24.638402+0500 INFO redis is working...
2023-11-18T18:45:24.638402+0500 INFO redis is working...
2023-11-18T18:45:25.634784+0500 INFO main page
2023-11-18T18:45:25.634784+0500 INFO main page
2023-11-18T18:45:25.634784+0500 INFO main page
2023-11-18T18:48:41.249035+0500 INFO redis is working...
2023-11-18T18:48:41.249035+0500 INFO redis is working...
2023-11-18T18:48:41.249035+0500 INFO redis is working...
2023-11-18T18:48:42.744985+0500 INFO main page
2023-11-18T18:48:42.744985+0500 INFO main page
2023-11-18T18:48:42.744985+0500 INFO main page
2023-11-18T18:49:03.581244+0500 INFO redis is working...
2023-11-18T18:49:03.581244+0500 INFO redis is working...
2023-11-18T18:49:03.581244+0500 INFO redis is working...
2023-11-18T18:49:04.678704+0500 INFO main page
2023-11-18T18:49:04.678704+0500 INFO main page
2023-11-18T18:49:04.678704+0500 INFO main page
2023-11-18T18:49:49.606678+0500 INFO redis is working...
2023-11-18T18:49:49.606678+0500 INFO redis is working...
2023-11-18T18:49:49.606678+0500 INFO redis is working...
2023-11-18T18:49:50.775264+0500 INFO main page
2023-11-18T18:49:50.775264+0500 INFO main page
2023-11-18T18:49:50.775264+0500 INFO main page
2023-11-19T15:17:26.999861+0500 INFO redis is working...
2023-11-19T15:17:26.999861+0500 INFO redis is working...
2023-11-19T15:17:26.999861+0500 INFO redis is working...
2023-11-19T15:17:29.177866+0500 INFO main page
2023-11-19T15:17:29.177866+0500 INFO main page
2023-11-19T15:17:29.177866+0500 INFO main page
2023-11-19T15:18:10.763860+0500 INFO redis is working...
2023-11-19T15:18:10.763860+0500 INFO redis is working...
2023-11-19T15:18:10.763860+0500 INFO redis is working...
2023-11-19T15:18:12.375579+0500 INFO main page
2023-11-19T15:18:12.375579+0500 INFO main page
2023-11-19T15:18:12.375579+0500 INFO main page
2023-11-19T15:20:30.285928+0500 INFO message sent
2023-11-19T15:20:30.285928+0500 INFO message sent
2023-11-19T15:20:30.285928+0500 INFO message sent
2023-11-19T15:21:33.400700+0500 INFO redis is working...
2023-11-19T15:21:33.400700+0500 INFO redis is working...
2023-11-19T15:21:33.400700+0500 INFO redis is working...
2023-11-19T15:21:34.576327+0500 INFO main page
2023-11-19T15:21:34.576327+0500 INFO main page
2023-11-19T15:21:34.576327+0500 INFO main page
2023-11-19T15:21:48.086266+0500 INFO message sent
2023-11-19T15:21:48.086266+0500 INFO message sent
2023-11-19T15:21:48.086266+0500 INFO message sent
2023-11-19T15:22:39.510379+0500 INFO main page
2023-11-19T15:22:39.510379+0500 INFO main page
2023-11-19T15:22:39.510379+0500 INFO main page
2023-11-19T15:25:13.601306+0500 INFO redis is working...
2023-11-19T15:25:13.601306+0500 INFO redis is working...
2023-11-19T15:25:13.601306+0500 INFO redis is working...
2023-11-19T15:25:14.956483+0500 INFO main page
2023-11-19T15:25:14.956483+0500 INFO main page
2023-11-19T15:25:14.956483+0500 INFO main page
2023-11-19T15:27:35.772519+0500 INFO redis is working...
2023-11-19T15:27:35.772519+0500 INFO redis is working...
2023-11-19T15:27:35.772519+0500 INFO redis is working...
2023-11-19T15:27:37.327221+0500 INFO main page
2023-11-19T15:27:37.327221+0500 INFO main page
2023-11-19T15:27:37.327221+0500 INFO main page
2023-11-19T15:28:02.222997+0500 INFO redis is working...
2023-11-19T15:28:02.222997+0500 INFO redis is working...
2023-11-19T15:28:02.222997+0500 INFO redis is working...
2023-11-19T15:28:03.168635+0500 INFO main page
2023-11-19T15:28:03.168635+0500 INFO main page
2023-11-19T15:28:03.168635+0500 INFO main page
2023-11-19T15:34:46.629145+0500 INFO redis is working...
2023-11-19T15:34:46.629145+0500 INFO redis is working...
2023-11-19T15:34:46.629145+0500 INFO redis is working...
2023-11-19T15:34:48.857037+0500 INFO main page
2023-11-19T15:34:48.857037+0500 INFO main page
2023-11-19T15:34:48.857037+0500 INFO main page
2023-11-19T15:36:23.171859+0500 INFO redis is working...
2023-11-19T15:36:23.171859+0500 INFO redis is working...
2023-11-19T15:36:23.171859+0500 INFO redis is working...
2023-11-19T15:36:24.917536+0500 INFO main page
2023-11-19T15:36:24.917536+0500 INFO main page
2023-11-19T15:36:24.917536+0500 INFO main page
2023-11-19T15:37:06.105266+0500 INFO redis is working...
2023-11-19T15:37:06.105266+0500 INFO redis is working...
2023-11-19T15:37:06.105266+0500 INFO redis is working...
2023-11-19T15:37:07.172820+0500 INFO main page
2023-11-19T15:37:07.172820+0500 INFO main page
2023-11-19T15:37:07.172820+0500 INFO main page
2023-11-19T15:39:37.338663+0500 INFO redis is working...
2023-11-19T15:39:37.338663+0500 INFO redis is working...
2023-11-19T15:39:37.338663+0500 INFO redis is working...
2023-11-19T15:39:38.346329+0500 INFO main page
2023-11-19T15:39:38.346329+0500 INFO main page
2023-11-19T15:39:38.346329+0500 INFO main page
2023-11-19T15:40:04.314740+0500 INFO sending data...
2023-11-19T15:40:04.314740+0500 INFO sending data...
2023-11-19T15:40:04.314740+0500 INFO sending data...
2023-11-19T15:40:04.314740+0500 INFO message sent
2023-11-19T15:40:04.314740+0500 INFO message sent
2023-11-19T15:40:04.314740+0500 INFO message sent
2023-11-19T15:40:31.731215+0500 INFO sending data...
2023-11-19T15:40:31.731215+0500 INFO sending data...
2023-11-19T15:40:31.731215+0500 INFO sending data...
2023-11-19T15:40:31.731215+0500 INFO message sent
2023-11-19T15:40:31.731215+0500 INFO message sent
2023-11-19T15:40:31.731215+0500 INFO message sent
2023-11-19T15:40:32.781811+0500 INFO sending data...
2023-11-19T15:40:32.781811+0500 INFO sending data...
2023-11-19T15:40:32.781811+0500 INFO sending data...
2023-11-19T15:40:32.781811+0500 INFO message sent
2023-11-19T15:40:32.781811+0500 INFO message sent
2023-11-19T15:40:32.781811+0500 INFO message sent
2023-11-19T15:41:59.375227+0500 INFO redis is working...
2023-11-19T15:41:59.375227+0500 INFO redis is working...
2023-11-19T15:41:59.375227+0500 INFO redis is working...
2023-11-19T15:42:07.005911+0500 INFO main page
2023-11-19T15:42:07.005911+0500 INFO main page
2023-11-19T15:42:07.005911+0500 INFO main page
2023-11-19T15:42:37.769863+0500 INFO redis is working...
2023-11-19T15:42:37.769863+0500 INFO redis is working...
2023-11-19T15:42:37.769863+0500 INFO redis is working...
2023-11-19T15:48:42.795723+0500 INFO redis is working...
2023-11-19T15:48:42.795723+0500 INFO redis is working...
2023-11-19T15:48:42.795723+0500 INFO redis is working...
2023-11-19T15:48:48.469941+0500 INFO main page
2023-11-19T15:48:48.469941+0500 INFO main page
2023-11-19T15:48:48.469941+0500 INFO main page
2023-11-19T15:54:17.587393+0500 INFO redis is working...
2023-11-19T15:54:17.587393+0500 INFO redis is working...
2023-11-19T15:54:17.587393+0500 INFO redis is working...
2023-11-19T15:54:18.849982+0500 INFO main page
2023-11-19T15:54:18.849982+0500 INFO main page
2023-11-19T15:54:18.849982+0500 INFO main page
2023-11-19T15:54:21.629538+0500 INFO main page
2023-11-19T15:54:21.629538+0500 INFO main page
2023-11-19T15:54:21.629538+0500 INFO main page
2023-11-19T15:54:24.578876+0500 INFO main page
2023-11-19T15:54:24.578876+0500 INFO main page
2023-11-19T15:54:24.578876+0500 INFO main page
2023-11-19T15:54:27.606578+0500 INFO main page
2023-11-19T15:54:27.606578+0500 INFO main page
2023-11-19T15:54:27.606578+0500 INFO main page
2023-11-19T15:55:25.377083+0500 INFO redis is working...
2023-11-19T15:55:25.377083+0500 INFO redis is working...
2023-11-19T15:55:25.377083+0500 INFO redis is working...
2023-11-19T15:56:27.924235+0500 INFO redis is working...
2023-11-19T15:56:27.924235+0500 INFO redis is working...
2023-11-19T15:56:27.924235+0500 INFO redis is working...
2023-11-19T15:56:29.327806+0500 INFO main page
2023-11-19T15:56:29.327806+0500 INFO main page
2023-11-19T15:56:29.327806+0500 INFO main page
2023-11-19T15:58:28.977625+0500 INFO redis is working...
2023-11-19T15:58:28.977625+0500 INFO redis is working...
2023-11-19T15:58:28.977625+0500 INFO redis is working...
2023-11-19T15:58:30.020012+0500 INFO main page
2023-11-19T15:58:30.020012+0500 INFO main page
2023-11-19T15:58:30.020012+0500 INFO main page
2023-11-19T15:59:02.750132+0500 INFO redis is working...
2023-11-19T15:59:02.750132+0500 INFO redis is working...
2023-11-19T15:59:02.750132+0500 INFO redis is working...
2023-11-19T15:59:16.525644+0500 INFO sending data...
2023-11-19T15:59:16.525644+0500 INFO sending data...
2023-11-19T15:59:16.525644+0500 INFO sending data...
2023-11-19T15:59:16.525644+0500 INFO message sent
2023-11-19T15:59:16.525644+0500 INFO message sent
2023-11-19T15:59:16.525644+0500 INFO message sent
2023-11-19T16:01:25.767392+0500 INFO redis is working...
2023-11-19T16:01:25.767392+0500 INFO redis is working...
2023-11-19T16:01:25.767392+0500 INFO redis is working...
2023-11-19T16:01:27.079894+0500 INFO main page
2023-11-19T16:01:27.079894+0500 INFO main page
2023-11-19T16:01:27.079894+0500 INFO main page
2023-11-19T16:03:07.541072+0500 INFO redis is working...
2023-11-19T16:03:07.541072+0500 INFO redis is working...
2023-11-19T16:03:07.541072+0500 INFO redis is working...
2023-11-19T16:03:09.474408+0500 INFO main page
2023-11-19T16:03:09.474408+0500 INFO main page
2023-11-19T16:03:09.474408+0500 INFO main page
2023-11-20T13:15:07.366295+0500 INFO redis is working...
2023-11-20T13:15:07.366295+0500 INFO redis is working...
2023-11-20T13:15:07.366295+0500 INFO redis is working...
2023-11-20T13:15:09.180232+0500 INFO main page
2023-11-20T13:15:09.180232+0500 INFO main page
2023-11-20T13:15:09.180232+0500 INFO main page
2023-11-20T13:15:32.177662+0500 INFO redis is working...
2023-11-20T13:15:32.177662+0500 INFO redis is working...
2023-11-20T13:15:32.177662+0500 INFO redis is working...
2023-11-20T13:15:33.459927+0500 INFO main page
2023-11-20T13:15:33.459927+0500 INFO main page
2023-11-20T13:15:33.459927+0500 INFO main page
2023-11-20T13:16:34.374242+0500 INFO redis is working...
2023-11-20T13:16:34.374242+0500 INFO redis is working...
2023-11-20T13:16:34.374242+0500 INFO redis is working...
2023-11-20T13:16:35.835796+0500 INFO main page
2023-11-20T13:16:35.835796+0500 INFO main page
2023-11-20T13:16:35.835796+0500 INFO main page
2023-11-20T13:17:30.860894+0500 ERROR error while connecting db
2023-11-20T13:17:30.860894+0500 ERROR error while connecting db
2023-11-20T13:17:30.860894+0500 ERROR error while connecting db
2023-11-20T13:17:56.833165+0500 INFO sending data...
2023-11-20T13:17:56.833165+0500 INFO sending data...
2023-11-20T13:17:56.833165+0500 INFO sending data...
2023-11-20T13:17:56.833165+0500 INFO message sent
2023-11-20T13:17:56.833165+0500 INFO message sent
2023-11-20T13:17:56.833165+0500 INFO message sent
2023-11-20T13:31:49.664147+0500 INFO redis is working...
2023-11-20T13:31:49.664147+0500 INFO redis is working...
2023-11-20T13:31:49.664147+0500 INFO redis is working...
2023-11-23T18:01:43.567246+0500 INFO redis is working...
2023-11-23T18:01:43.567246+0500 INFO redis is working...
2023-11-23T18:01:43.567246+0500 INFO redis is working...
2023-11-23T18:03:01.856252+0500 INFO main page
2023-11-23T18:03:01.856252+0500 INFO main page
2023-11-23T18:03:01.856252+0500 INFO main page
2023-11-23T18:04:32.771237+0500 INFO redis is working...
2023-11-23T18:04:32.771237+0500 INFO redis is working...
2023-11-23T18:04:32.771237+0500 INFO redis is working...
2023-11-23T18:04:34.344253+0500 INFO main page
2023-11-23T18:04:34.344253+0500 INFO main page
2023-11-23T18:04:34.344253+0500 INFO main page
2023-11-23T18:05:15.917256+0500 INFO sending data...
2023-11-23T18:05:15.917256+0500 INFO sending data...
2023-11-23T18:05:15.917256+0500 INFO sending data...
2023-11-23T18:05:15.917256+0500 INFO message sent
2023-11-23T18:05:15.917256+0500 INFO message sent
2023-11-23T18:05:15.917256+0500 INFO message sent
2023-11-23T18:09:15.638246+0500 INFO redis is working...
2023-11-23T18:09:15.638246+0500 INFO redis is working...
2023-11-23T18:09:15.638246+0500 INFO redis is working...
2023-11-23T18:09:16.985253+0500 INFO main page
2023-11-23T18:09:16.985253+0500 INFO main page
2023-11-23T18:09:16.985253+0500 INFO main page
2023-11-23T18:09:47.475246+0500 INFO redis is working...
2023-11-23T18:09:47.475246+0500 INFO redis is working...
2023-11-23T18:09:47.475246+0500 INFO redis is working...
2023-11-23T18:09:48.642252+0500 INFO main page
2023-11-23T18:09:48.642252+0500 INFO main page
2023-11-23T18:09:48.642252+0500 INFO main page
2023-11-23T18:10:02.433252+0500 INFO redis is working...
2023-11-23T18:10:02.433252+0500 INFO redis is working...
2023-11-23T18:10:02.433252+0500 INFO redis is working...
2023-11-23T18:10:03.493252+0500 INFO main page
2023-11-23T18:10:03.493252+0500 INFO main page
2023-11-23T18:10:03.493252+0500 INFO main page
2023-11-23T18:18:08.237253+0500 INFO redis is working...
2023-11-23T18:18:08.237253+0500 INFO redis is working...
2023-11-23T18:18:08.237253+0500 INFO redis is working...
2023-11-23T18:18:11.992246+0500 INFO redis is working...
2023-11-23T18:18:11.992246+0500 INFO redis is working...
2023-11-23T18:18:11.992246+0500 INFO redis is working...
2023-11-23T18:18:18.126255+0500 INFO redis is working...
2023-11-23T18:18:18.126255+0500 INFO redis is working...
2023-11-23T18:18:18.126255+0500 INFO redis is working...
2023-11-23T18:18:19.249248+0500 INFO main page
2023-11-23T18:18:19.249248+0500 INFO main page
2023-11-23T18:18:19.249248+0500 INFO main page
2023-11-23T18:18:49.260253+0500 INFO redis is working...
2023-11-23T18:18:49.260253+0500 INFO redis is working...
2023-11-23T18:18:49.260253+0500 INFO redis is working...
2023-11-23T18:18:50.473252+0500 INFO main page
2023-11-23T18:18:50.473252+0500 INFO main page
2023-11-23T18:18:50.473252+0500 INFO main page
2023-11-23T18:18:54.101251+0500 INFO sending data...
2023-11-23T18:18:54.101251+0500 INFO sending data...
2023-11-23T18:18:54.101251+0500 INFO sending data...
2023-11-23T18:18:54.101251+0500 INFO message sent
2023-11-23T18:18:54.101251+0500 INFO message sent
2023-11-23T18:18:54.101251+0500 INFO message sent
2023-11-23T18:21:26.579238+0500 INFO redis is working...
2023-11-23T18:21:26.579238+0500 INFO redis is working...
2023-11-23T18:21:26.579238+0500 INFO redis is working...
2023-11-23T18:21:27.731252+0500 INFO main page
2023-11-23T18:21:27.731252+0500 INFO main page
2023-11-23T18:21:27.731252+0500 INFO main page
2023-11-23T18:21:30.852255+0500 INFO sending data...
2023-11-23T18:21:30.852255+0500 INFO sending data...
2023-11-23T18:21:30.852255+0500 INFO sending data...
2023-11-23T18:21:30.853254+0500 INFO message sent
2023-11-23T18:21:30.853254+0500 INFO message sent
2023-11-23T18:21:30.853254+0500 INFO message sent
2023-11-23T18:21:32.060257+0500 INFO main page
2023-11-23T18:21:32.060257+0500 INFO main page
2023-11-23T18:21:32.060257+0500 INFO main page
2023-11-23T18:21:51.186252+0500 INFO redis is working...
2023-11-23T18:21:51.186252+0500 INFO redis is working...
2023-11-23T18:21:51.186252+0500 INFO redis is working...
2023-11-23T18:21:52.404252+0500 INFO main page
2023-11-23T18:21:52.404252+0500 INFO main page
2023-11-23T18:21:52.404252+0500 INFO main page
2023-11-23T18:21:55.778252+0500 INFO sending data...
2023-11-23T18:21:55.778252+0500 INFO sending data...
2023-11-23T18:21:55.778252+0500 INFO sending data...
2023-11-23T18:21:55.778252+0500 INFO message sent
2023-11-23T18:21:55.778252+0500 INFO message sent
2023-11-23T18:21:55.778252+0500 INFO message sent
2023-11-23T18:23:59.811246+0500 INFO redis is working...
2023-11-23T18:23:59.811246+0500 INFO redis is working...
2023-11-23T18:23:59.811246+0500 INFO redis is working...
2023-11-23T18:24:00.919252+0500 INFO main page
2023-11-23T18:24:00.919252+0500 INFO main page
2023-11-23T18:24:00.919252+0500 INFO main page
2023-11-23T18:24:04.190251+0500 INFO sending data...
2023-11-23T18:24:04.190251+0500 INFO sending data...
2023-11-23T18:24:04.190251+0500 INFO sending data...
2023-11-23T18:24:04.190251+0500 INFO message sent
2023-11-23T18:24:04.190251+0500 INFO message sent
2023-11-23T18:24:04.190251+0500 INFO message sent
2023-11-23T18:25:10.200246+0500 INFO redis is working...
2023-11-23T18:25:10.200246+0500 INFO redis is working...
2023-11-23T18:25:10.200246+0500 INFO redis is working...
2023-11-23T18:25:10.475252+0500 INFO main page
2023-11-23T18:25:10.475252+0500 INFO main page
2023-11-23T18:25:10.475252+0500 INFO main page
2023-11-23T18:25:11.936251+0500 INFO main page
2023-11-23T18:25:11.936251+0500 INFO main page
2023-11-23T18:25:11.936251+0500 INFO main page
2023-11-23T18:27:34.998250+0500 INFO main page
2023-11-23T18:27:34.998250+0500 INFO main page
2023-11-23T18:27:34.998250+0500 INFO main page
2023-11-23T18:27:50.009251+0500 INFO main page
2023-11-23T18:27:50.009251+0500 INFO main page
2023-11-23T18:27:50.009251+0500 INFO main page
2023-11-23T18:27:54.973252+0500 INFO main page
2023-11-23T18:27:54.973252+0500 INFO main page
2023-11-23T18:27:54.973252+0500 INFO main page
2023-11-23T18:28:04.698251+0500 INFO main page
2023-11-23T18:28:04.698251+0500 INFO main page
2023-11-23T18:28:04.698251+0500 INFO main page
2023-11-23T18:28:13.517252+0500 INFO sending data...
2023-11-23T18:28:13.517252+0500 INFO sending data...
2023-11-23T18:28:13.517252+0500 INFO sending data...
2023-11-23T18:28:13.518251+0500 INFO message sent
2023-11-23T18:28:13.518251+0500 INFO message sent
2023-11-23T18:28:13.518251+0500 INFO message sent
2023-12-14T18:27:45.775647+0500 INFO redis is working...
2023-12-14T18:27:45.775647+0500 INFO redis is working...
2023-12-14T18:27:45.775647+0500 INFO redis is working...
2023-12-14T18:27:48.031370+0500 INFO main page
2023-12-14T18:27:48.031370+0500 INFO main page
2023-12-14T18:27:48.031370+0500 INFO main page
2023-12-14T18:27:53.486407+0500 INFO main page
2023-12-14T18:27:53.486407+0500 INFO main page
2023-12-14T18:27:53.486407+0500 INFO main page
2023-12-14T18:27:55.357831+0500 INFO main page
2023-12-14T18:27:55.357831+0500 INFO main page
2023-12-14T18:27:55.357831+0500 INFO main page
2023-12-14T18:27:56.726472+0500 INFO main page
2023-12-14T18:27:56.726472+0500 INFO main page
2023-12-14T18:27:56.726472+0500 INFO main page
2023-12-14T19:17:05.819467+0500 INFO redis is working...
2023-12-14T19:17:05.819467+0500 INFO redis is working...
2023-12-14T19:17:05.819467+0500 INFO redis is working...
2023-12-14T19:17:12.998472+0500 INFO main page
2023-12-14T19:17:12.998472+0500 INFO main page
2023-12-14T19:17:12.998472+0500 INFO main page
2023-12-14T19:19:54.392626+0500 INFO redis is working...
2023-12-14T19:19:54.392626+0500 INFO redis is working...
2023-12-14T19:19:54.392626+0500 INFO redis is working...
2023-12-14T19:19:56.205158+0500 INFO main page
2023-12-14T19:19:56.205158+0500 INFO main page
2023-12-14T19:19:56.205158+0500 INFO main page
2024-06-18T17:33:17.480250+0300 INFO redis is working...
2024-06-18T17:33:17.480250+0300 INFO redis is working...
2024-06-18T17:33:17.480250+0300 INFO redis is working...
2024-06-18T17:33:20.936130+0300 INFO main page
2024-06-18T17:33:20.936130+0300 INFO main page
2024-06-18T17:33:20.936130+0300 INFO main page
2024-06-18T17:33:30.799225+0300 INFO sending data...
2024-06-18T17:33:30.799225+0300 INFO sending data...
2024-06-18T17:33:30.799225+0300 INFO sending data...
2024-06-18T17:33:30.800218+0300 INFO message sent
2024-06-18T17:33:30.800218+0300 INFO message sent
2024-06-18T17:33:30.800218+0300 INFO message sent
2024-12-01T15:04:40.708252+0500 INFO redis is working...
2024-12-01T15:04:40.708252+0500 INFO redis is working...
2024-12-01T15:04:40.708252+0500 INFO redis is working...
2024-12-01T15:04:43.776046+0500 INFO main page
2024-12-01T15:04:43.776046+0500 INFO main page
2024-12-01T15:04:43.776046+0500 INFO main page
2024-12-01T15:04:46.836870+0500 INFO main page
2024-12-01T15:04:46.836870+0500 INFO main page
2024-12-01T15:04:46.836870+0500 INFO main page
2024-12-01T15:04:49.083859+0500 INFO main page
2024-12-01T15:04:49.083859+0500 INFO main page
2024-12-01T15:04:49.083859+0500 INFO main page
2024-12-01T15:04:51.465515+0500 INFO main page
2024-12-01T15:04:51.465515+0500 INFO main page
2024-12-01T15:04:51.465515+0500 INFO main page
2024-12-03T11:12:16.800414+0500 INFO redis is working...
2024-12-03T11:12:16.800414+0500 INFO redis is working...
2024-12-03T11:12:16.800414+0500 INFO redis is working...
2024-12-03T11:12:30.444910+0500 INFO main page
2024-12-03T11:12:30.444910+0500 INFO main page
2024-12-03T11:12:30.444910+0500 INFO main page
2024-12-03T11:13:29.285986+0500 INFO main page
2024-12-03T11:13:29.285986+0500 INFO main page
2024-12-03T11:13:29.285986+0500 INFO main page
2024-12-03T11:13:36.331671+0500 INFO main page
2024-12-03T11:13:36.331671+0500 INFO main page
2024-12-03T11:13:36.331671+0500 INFO main page
2024-12-03T11:13:47.785210+0500 INFO main page
2024-12-03T11:13:47.785210+0500 INFO main page
2024-12-03T11:13:47.785210+0500 INFO main page
2024-12-03T11:15:13.867124+0500 INFO main page
2024-12-03T11:15:13.867124+0500 INFO main page
2024-12-03T11:15:13.867124+0500 INFO main page
2024-12-03T11:15:29.096086+0500 INFO main page
2024-12-03T11:15:29.096086+0500 INFO main page
2024-12-03T11:15:29.096086+0500 INFO main page
2024-12-03T11:15:34.100330+0500 INFO main page
2024-12-03T11:15:34.100330+0500 INFO main page
2024-12-03T11:15:34.100330+0500 INFO main page
2024-12-03T11:19:38.177943+0500 INFO main page
2024-12-03T11:19:38.177943+0500 INFO main page
2024-12-03T11:19:38.177943+0500 INFO main page
2024-12-03T11:19:38.958363+0500 INFO main page
2024-12-03T11:19:38.958363+0500 INFO main page
2024-12-03T11:19:38.958363+0500 INFO main page
2024-12-03T11:21:10.360159+0500 INFO redis is working...
2024-12-03T11:21:10.360159+0500 INFO redis is working...
2024-12-03T11:21:10.360159+0500 INFO redis is working...
2024-12-03T11:21:12.576230+0500 INFO main page
2024-12-03T11:21:12.576230+0500 INFO main page
2024-12-03T11:21:12.576230+0500 INFO main page
2024-12-03T11:22:25.088119+0500 INFO redis is working...
2024-12-03T11:22:25.088119+0500 INFO redis is working...
2024-12-03T11:22:25.088119+0500 INFO redis is working...
2024-12-03T11:26:07.170909+0500 INFO redis is working...
2024-12-03T11:26:07.170909+0500 INFO redis is working...
2024-12-03T11:26:07.170909+0500 INFO redis is working...
2024-12-03T11:26:11.438354+0500 INFO main page
2024-12-03T11:26:11.438354+0500 INFO main page
2024-12-03T11:26:11.438354+0500 INFO main page
2024-12-03T11:32:46.145469+0500 INFO redis is working...
2024-12-03T11:32:46.145469+0500 INFO redis is working...
2024-12-03T11:32:46.145469+0500 INFO redis is working...
2024-12-03T11:32:52.049184+0500 INFO main page
2024-12-03T11:32:52.049184+0500 INFO main page
2024-12-03T11:32:52.049184+0500 INFO main page
2024-12-03T11:32:54.184501+0500 INFO main page
2024-12-03T11:32:54.184501+0500 INFO main page
2024-12-03T11:32:54.184501+0500 INFO main page
2024-12-03T11:33:44.252175+0500 INFO redis is working...
2024-12-03T11:33:44.252175+0500 INFO redis is working...
2024-12-03T11:33:44.252175+0500 INFO redis is working...
2024-12-03T11:35:41.998033+0500 INFO redis is working...
2024-12-03T11:35:41.998033+0500 INFO redis is working...
2024-12-03T11:35:41.998033+0500 INFO redis is working...
2024-12-03T11:37:31.792182+0500 INFO main page
2024-12-03T11:37:31.792182+0500 INFO main page
2024-12-03T11:37:31.792182+0500 INFO main page
2024-12-03T11:37:34.750293+0500 INFO main page
2024-12-03T11:37:34.750293+0500 INFO main page
2024-12-03T11:37:34.750293+0500 INFO main page
2024-12-03T11:37:36.441782+0500 INFO main page
2024-12-03T11:37:36.441782+0500 INFO main page
2024-12-03T11:37:36.441782+0500 INFO main page
2024-12-03T11:37:38.078908+0500 INFO main page
2024-12-03T11:37:38.078908+0500 INFO main page
2024-12-03T11:37:38.078908+0500 INFO main page
2024-12-03T11:39:09.066962+0500 INFO redis is working...
2024-12-03T11:39:09.066962+0500 INFO redis is working...
2024-12-03T11:39:09.066962+0500 INFO redis is working...
2024-12-03T11:39:10.787360+0500 INFO main page
2024-12-03T11:39:10.787360+0500 INFO main page
2024-12-03T11:39:10.787360+0500 INFO main page
2024-12-03T11:39:12.681293+0500 INFO main page
2024-12-03T11:39:12.681293+0500 INFO main page
2024-12-03T11:39:12.681293+0500 INFO main page
2024-12-03T11:39:50.037950+0500 INFO redis is working...
2024-12-03T11:39:50.037950+0500 INFO redis is working...
2024-12-03T11:39:50.037950+0500 INFO redis is working...
2024-12-03T11:40:09.643544+0500 INFO redis is working...
2024-12-03T11:40:09.643544+0500 INFO redis is working...
2024-12-03T11:40:09.643544+0500 INFO redis is working...
2024-12-03T11:40:18.041110+0500 INFO main page
2024-12-03T11:40:18.041110+0500 INFO main page
2024-12-03T11:40:18.041110+0500 INFO main page
2024-12-03T11:40:20.444213+0500 INFO main page
2024-12-03T11:40:20.444213+0500 INFO main page
2024-12-03T11:40:20.444213+0500 INFO main page
2024-12-03T11:40:32.498050+0500 INFO main page
2024-12-03T11:40:32.498050+0500 INFO main page
2024-12-03T11:40:32.498050+0500 INFO main page
2024-12-03T11:40:38.675054+0500 INFO main page
2024-12-03T11:40:38.675054+0500 INFO main page
2024-12-03T11:40:38.675054+0500 INFO main page
2024-12-03T11:40:40.429944+0500 INFO main page
2024-12-03T11:40:40.429944+0500 INFO main page
2024-12-03T11:40:40.429944+0500 INFO main page
2024-12-03T11:42:12.985384+0500 INFO main page
2024-12-03T11:42:12.985384+0500 INFO main page
2024-12-03T11:42:12.985384+0500 INFO main page
2024-12-03T11:43:07.007104+0500 INFO redis is working...
2024-12-03T11:43:07.007104+0500 INFO redis is working...
2024-12-03T11:43:07.007104+0500 INFO redis is working...
2024-12-03T11:43:09.787665+0500 INFO main page
2024-12-03T11:43:09.787665+0500 INFO main page
2024-12-03T11:43:09.787665+0500 INFO main page
2024-12-03T11:44:19.512429+0500 INFO main page
2024-12-03T11:44:19.512429+0500 INFO main page
2024-12-03T11:44:19.512429+0500 INFO main page
2024-12-03T11:44:21.145594+0500 INFO main page
2024-12-03T11:44:21.145594+0500 INFO main page
2024-12-03T11:44:21.145594+0500 INFO main page
2024-12-03T11:44:24.201961+0500 INFO main page
2024-12-03T11:44:24.201961+0500 INFO main page
2024-12-03T11:44:24.201961+0500 INFO main page
2024-12-03T11:44:29.444044+0500 INFO main page
2024-12-03T11:44:29.444044+0500 INFO main page
2024-12-03T11:44:29.444044+0500 INFO main page
2024-12-03T11:47:31.261327+0500 INFO main page
2024-12-03T11:47:31.261327+0500 INFO main page
2024-12-03T11:47:31.261327+0500 INFO main page
2024-12-03T11:47:32.654638+0500 INFO main page
2024-12-03T11:47:32.654638+0500 INFO main page
2024-12-03T11:47:32.654638+0500 INFO main page
2024-12-03T11:47:42.311404+0500 INFO main page
2024-12-03T11:47:42.311404+0500 INFO main page
2024-12-03T11:47:42.311404+0500 INFO main page
2024-12-03T11:48:18.739118+0500 INFO main page
2024-12-03T11:48:18.739118+0500 INFO main page
2024-12-03T11:48:18.739118+0500 INFO main page
2024-12-03T11:48:54.315567+0500 INFO redis is working...
2024-12-03T11:48:54.315567+0500 INFO redis is working...
2024-12-03T11:48:54.315567+0500 INFO redis is working...
2024-12-03T11:48:56.201522+0500 INFO main page
2024-12-03T11:48:56.201522+0500 INFO main page
2024-12-03T11:48:56.201522+0500 INFO main page
2024-12-03T11:49:28.519699+0500 INFO main page
2024-12-03T11:49:28.519699+0500 INFO main page
2024-12-03T11:49:28.519699+0500 INFO main page
2024-12-03T11:49:30.969210+0500 INFO main page
2024-12-03T11:49:30.969210+0500 INFO main page
2024-12-03T11:49:30.969210+0500 INFO main page
2024-12-03T11:49:32.738502+0500 INFO main page
2024-12-03T11:49:32.738502+0500 INFO main page
2024-12-03T11:49:32.738502+0500 INFO main page
2024-12-03T11:49:41.270282+0500 INFO main page
2024-12-03T11:49:41.270282+0500 INFO main page
2024-12-03T11:49:41.270282+0500 INFO main page
2024-12-03T11:52:42.705969+0500 INFO redis is working...
2024-12-03T11:52:42.705969+0500 INFO redis is working...
2024-12-03T11:52:42.705969+0500 INFO redis is working...
2024-12-03T11:52:45.915383+0500 INFO main page
2024-12-03T11:52:45.915383+0500 INFO main page
2024-12-03T11:52:45.915383+0500 INFO main page
2024-12-03T11:52:49.491814+0500 INFO main page
2024-12-03T11:52:49.491814+0500 INFO main page
2024-12-03T11:52:49.491814+0500 INFO main page
2024-12-03T11:52:51.382274+0500 INFO main page
2024-12-03T11:52:51.382274+0500 INFO main page
2024-12-03T11:52:51.382274+0500 INFO main page
2024-12-03T11:52:53.431301+0500 INFO main page
2024-12-03T11:52:53.431301+0500 INFO main page
2024-12-03T11:52:53.431301+0500 INFO main page
2024-12-03T11:52:58.127748+0500 INFO main page
2024-12-03T11:52:58.127748+0500 INFO main page
2024-12-03T11:52:58.127748+0500 INFO main page
2024-12-03T11:53:03.727808+0500 INFO main page
2024-12-03T11:53:03.727808+0500 INFO main page
2024-12-03T11:53:03.727808+0500 INFO main page
2025-07-01T08:49:19.680289+0500 INFO redis is working...
2025-07-01T08:49:19.680289+0500 INFO redis is working...
2025-07-01T08:49:19.680289+0500 INFO redis is working...
2025-07-01T08:49:23.365011+0500 INFO main page
2025-07-01T08:49:23.365011+0500 INFO main page
2025-07-01T08:49:23.365011+0500 INFO main page
2025-07-01T08:49:25.897871+0500 INFO main page
2025-07-01T08:49:25.897871+0500 INFO main page
2025-07-01T08:49:25.897871+0500 INFO main page
2025-07-01T08:53:31.216862+0500 INFO main page
2025-07-01T08:53:31.216862+0500 INFO main page
2025-07-01T08:53:31.216862+0500 INFO main page
2025-07-01T08:53:33.144644+0500 INFO main page
2025-07-01T08:53:33.144644+0500 INFO main page
2025-07-01T08:53:33.144644+0500 INFO main page
2025-07-01T08:57:44.097296+0500 INFO redis is working...
2025-07-01T08:57:44.097296+0500 INFO redis is working...
2025-07-01T08:57:44.097296+0500 INFO redis is working...
2025-07-01T08:57:46.226855+0500 INFO main page
2025-07-01T08:57:46.226855+0500 INFO main page
2025-07-01T08:57:46.226855+0500 INFO main page
2025-07-01T08:57:55.465469+0500 INFO main page
2025-07-01T08:57:55.465469+0500 INFO main page
2025-07-01T08:57:55.465469+0500 INFO main page
2025-07-01T08:57:58.288334+0500 INFO main page
2025-07-01T08:57:58.288334+0500 INFO main page
2025-07-01T08:57:58.288334+0500 INFO main page
2025-07-01T08:58:15.720710+0500 INFO redis is working...
2025-07-01T08:58:15.720710+0500 INFO redis is working...
2025-07-01T08:58:15.720710+0500 INFO redis is working...
2025-07-01T08:58:19.424458+0500 INFO main page
2025-07-01T08:58:19.424458+0500 INFO main page
2025-07-01T08:58:19.424458+0500 INFO main page
2025-07-01T08:58:32.976053+0500 INFO redis is working...
2025-07-01T08:58:32.976053+0500 INFO redis is working...
2025-07-01T08:58:32.976053+0500 INFO redis is working...
2025-07-01T09:02:10.417912+0500 INFO redis is working...
2025-07-01T09:02:10.417912+0500 INFO redis is working...
2025-07-01T09:02:10.417912+0500 INFO redis is working...
2025-07-01T09:02:12.467455+0500 INFO main page
2025-07-01T09:02:12.467455+0500 INFO main page
2025-07-01T09:02:12.467455+0500 INFO main page
2025-07-01T09:03:07.445158+0500 INFO main page
2025-07-01T09:03:07.445158+0500 INFO main page
2025-07-01T09:03:07.445158+0500 INFO main page
2025-07-01T09:04:01.989450+0500 INFO redis is working...
2025-07-01T09:04:01.989450+0500 INFO redis is working...
2025-07-01T09:04:01.989450+0500 INFO redis is working...
2025-07-01T09:04:15.998461+0500 INFO main page
2025-07-01T09:04:15.998461+0500 INFO main page
2025-07-01T09:04:15.998461+0500 INFO main page
2025-07-01T09:06:01.927484+0500 INFO redis is working...
2025-07-01T09:06:01.927484+0500 INFO redis is working...
2025-07-01T09:06:01.927484+0500 INFO redis is working...
2025-07-01T09:06:03.734793+0500 INFO main page
2025-07-01T09:06:03.734793+0500 INFO main page
2025-07-01T09:06:03.734793+0500 INFO main page
2025-07-01T09:06:20.111495+0500 INFO redis is working...
2025-07-01T09:06:20.111495+0500 INFO redis is working...
2025-07-01T09:06:20.111495+0500 INFO redis is working...
2025-07-01T09:06:21.837951+0500 INFO main page
2025-07-01T09:06:21.837951+0500 INFO main page
2025-07-01T09:06:21.837951+0500 INFO main page
2025-07-01T09:07:15.467989+0500 INFO redis is working...
2025-07-01T09:07:15.467989+0500 INFO redis is working...
2025-07-01T09:07:15.467989+0500 INFO redis is working...
2025-07-01T09:07:16.918341+0500 INFO main page
2025-07-01T09:07:16.918341+0500 INFO main page
2025-07-01T09:07:16.918341+0500 INFO main page
2025-07-01T09:07:29.354807+0500 INFO redis is working...
2025-07-01T09:07:29.354807+0500 INFO redis is working...
2025-07-01T09:07:29.354807+0500 INFO redis is working...
2025-07-01T09:07:32.201802+0500 INFO main page
2025-07-01T09:07:32.201802+0500 INFO main page
2025-07-01T09:07:32.201802+0500 INFO main page
2025-07-01T09:07:44.011962+0500 INFO redis is working...
2025-07-01T09:07:44.011962+0500 INFO redis is working...
2025-07-01T09:07:44.011962+0500 INFO redis is working...
2025-07-01T09:07:47.413921+0500 INFO main page
2025-07-01T09:07:47.413921+0500 INFO main page
2025-07-01T09:07:47.413921+0500 INFO main page
2025-07-01T09:07:58.330624+0500 INFO main page
2025-07-01T09:07:58.330624+0500 INFO main page
2025-07-01T09:07:58.330624+0500 INFO main page
